[I 2025-12-01 17:21:18.928 ServerApp] Extension package jupyterlab took 0.9575s to import
[I 2025-12-01 17:21:19.590 ServerApp] jupyter_lsp | extension was successfully linked.
[I 2025-12-01 17:21:19.593 ServerApp] jupyter_server_terminals | extension was successfully linked.
[I 2025-12-01 17:21:19.596 ServerApp] jupyterlab | extension was successfully linked.
[I 2025-12-01 17:21:19.598 ServerApp] notebook | extension was successfully linked.
[I 2025-12-01 17:21:21.676 ServerApp] notebook_shim | extension was successfully linked.
[I 2025-12-01 17:21:21.787 ServerApp] notebook_shim | extension was successfully loaded.
[I 2025-12-01 17:21:21.789 ServerApp] jupyter_lsp | extension was successfully loaded.
[I 2025-12-01 17:21:21.790 ServerApp] jupyter_server_terminals | extension was successfully loaded.
[I 2025-12-01 17:21:21.793 LabApp] JupyterLab extension loaded from /Users/kgregorian/uv/actions/.venv/lib/python3.13/site-packages/jupyterlab
[I 2025-12-01 17:21:21.793 LabApp] JupyterLab application directory is /Users/kgregorian/uv/actions/.venv/share/jupyter/lab
[I 2025-12-01 17:21:21.794 LabApp] Extension Manager is 'pypi'.
[I 2025-12-01 17:21:21.984 ServerApp] jupyterlab | extension was successfully loaded.
[I 2025-12-01 17:21:21.988 ServerApp] notebook | extension was successfully loaded.
[I 2025-12-01 17:21:21.989 ServerApp] The port 8888 is already in use, trying another port.
[I 2025-12-01 17:21:21.989 ServerApp] The port 8889 is already in use, trying another port.
[I 2025-12-01 17:21:21.990 ServerApp] The port 8890 is already in use, trying another port.
[I 2025-12-01 17:21:21.991 ServerApp] The port 8891 is already in use, trying another port.
[I 2025-12-01 17:21:21.992 ServerApp] Serving notebooks from local directory: /Users/kgregorian/uv/actions
[I 2025-12-01 17:21:21.992 ServerApp] Jupyter Server 2.17.0 is running at:
[I 2025-12-01 17:21:21.992 ServerApp] http://localhost:8892/?token=8e29d1a13436916949fdb020d919a2a3e8e0615707e9de96
[I 2025-12-01 17:21:21.992 ServerApp]     http://127.0.0.1:8892/?token=8e29d1a13436916949fdb020d919a2a3e8e0615707e9de96
[I 2025-12-01 17:21:21.992 ServerApp] Use Control-C to stop this server and shut down all kernels (twice to skip confirmation).
[C 2025-12-01 17:21:21.996 ServerApp] 
    
    To access the server, open this file in a browser:
        file:///Users/kgregorian/Library/Jupyter/runtime/jpserver-96744-open.html
    Or copy and paste one of these URLs:
        http://localhost:8892/?token=8e29d1a13436916949fdb020d919a2a3e8e0615707e9de96
        http://127.0.0.1:8892/?token=8e29d1a13436916949fdb020d919a2a3e8e0615707e9de96
[I 2025-12-01 17:21:22.356 ServerApp] Skipped non-installed server(s): basedpyright, bash-language-server, dockerfile-language-server-nodejs, javascript-typescript-langserver, jedi-language-server, julia-language-server, pyrefly, pyright, python-language-server, python-lsp-server, r-languageserver, sql-language-server, texlab, typescript-language-server, unified-language-server, vscode-css-languageserver-bin, vscode-html-languageserver-bin, vscode-json-languageserver-bin, yaml-language-server
